[    0.000000] Initializing cgroup subsys cpuset
[    0.000000] Initializing cgroup subsys cpu
[    0.000000] Initializing cgroup subsys cpuacct
[    0.000000] Linux version 4.4.0-138-generic (buildd@lcy01-amd64-006) (gcc version 5.4.0 20160609 (Ubuntu 5.4.0-6ubuntu1~16.04.10) ) #164-Ubuntu SMP Tue Oct 2 17:16:02 UTC 2018 (Ubuntu 4.4.0-138.164-generic 4.4.155)
[    0.000000] Command line: BOOT_IMAGE=/boot/vmlinuz-4.4.0-138-generic root=LABEL=cloudimg-rootfs ro console=tty1 console=ttyS0
[    0.000000] KERNEL supported cpus:
[    0.000000]   Intel GenuineIntel
[    0.000000]   AMD AuthenticAMD
[    0.000000]   Centaur CentaurHauls
[    0.000000] x86/fpu: xstate_offset[2]:  576, xstate_sizes[2]:  256
[    0.000000] x86/fpu: Supporting XSAVE feature 0x01: 'x87 floating point registers'
[    0.000000] x86/fpu: Supporting XSAVE feature 0x02: 'SSE registers'
[    0.000000] x86/fpu: Supporting XSAVE feature 0x04: 'AVX registers'
[    0.000000] x86/fpu: Enabled xstate features 0x7, context size is 832 bytes, using 'standard' format.
[    0.000000] e820: BIOS-provided physical RAM map:
[    0.000000] BIOS-e820: [mem 0x0000000000000000-0x000000000009fbff] usable
[    0.000000] BIOS-e820: [mem 0x000000000009fc00-0x000000000009ffff] reserved
[    0.000000] BIOS-e820: [mem 0x00000000000f0000-0x00000000000fffff] reserved
[    0.000000] BIOS-e820: [mem 0x0000000000100000-0x000000007ffeffff] usable
[    0.000000] BIOS-e820: [mem 0x000000007fff0000-0x000000007fffffff] ACPI data
[    0.000000] BIOS-e820: [mem 0x00000000fec00000-0x00000000fec00fff] reserved
[    0.000000] BIOS-e820: [mem 0x00000000fee00000-0x00000000fee00fff] reserved
[    0.000000] BIOS-e820: [mem 0x00000000fffc0000-0x00000000ffffffff] reserved
[    0.000000] NX (Execute Disable) protection: active
[    0.000000] SMBIOS 2.5 present.
[    0.000000] Hypervisor detected: KVM
[    0.000000] e820: last_pfn = 0x7fff0 max_arch_pfn = 0x400000000
[    0.000000] MTRR: Disabled
[    0.000000] x86/PAT: MTRRs disabled, skipping PAT initialization too.
[    0.000000] CPU MTRRs all blank - virtualized system.
[    0.000000] x86/PAT: Configuration [0-7]: WB  WT  UC- UC  WB  WT  UC- UC  
[    0.000000] found SMP MP-table at [mem 0x0009fff0-0x0009ffff] mapped at [ffff88000009fff0]
[    0.000000] Scanning 1 areas for low memory corruption
[    0.000000] RAMDISK: [mem 0x3630a000-0x3717cfff]
[    0.000000] ACPI: Early table checksum verification disabled
[    0.000000] ACPI: RSDP 0x00000000000E0000 000024 (v02 VBOX  )
[    0.000000] ACPI: XSDT 0x000000007FFF0030 00003C (v01 VBOX   VBOXXSDT 00000001 ASL  00000061)
[    0.000000] ACPI: FACP 0x000000007FFF00F0 0000F4 (v04 VBOX   VBOXFACP 00000001 ASL  00000061)
[    0.000000] ACPI: DSDT 0x000000007FFF0470 0022EA (v02 VBOX   VBOXBIOS 00000002 INTL 20100528)
[    0.000000] ACPI: FACS 0x000000007FFF0200 000040
[    0.000000] ACPI: FACS 0x000000007FFF0200 000040
[    0.000000] ACPI: APIC 0x000000007FFF0240 00005C (v02 VBOX   VBOXAPIC 00000001 ASL  00000061)
[    0.000000] ACPI: SSDT 0x000000007FFF02A0 0001CC (v01 VBOX   VBOXCPUT 00000002 INTL 20100528)
[    0.000000] No NUMA configuration found
[    0.000000] Faking a node at [mem 0x0000000000000000-0x000000007ffeffff]
[    0.000000] NODE_DATA(0) allocated [mem 0x7ffeb000-0x7ffeffff]
[    0.000000] kvm-clock: Using msrs 4b564d01 and 4b564d00
[    0.000000] kvm-clock: cpu 0, msr 0:7ffe3001, primary cpu clock
[    0.000000] kvm-clock: using sched offset of 3164558238 cycles
[    0.000000] clocksource: kvm-clock: mask: 0xffffffffffffffff max_cycles: 0x1cd42e4dffb, max_idle_ns: 881590591483 ns
[    0.000000] Zone ranges:
[    0.000000]   DMA      [mem 0x0000000000001000-0x0000000000ffffff]
[    0.000000]   DMA32    [mem 0x0000000001000000-0x000000007ffeffff]
[    0.000000]   Normal   empty
[    0.000000]   Device   empty
[    0.000000] Movable zone start for each node
[    0.000000] Early memory node ranges
[    0.000000]   node   0: [mem 0x0000000000001000-0x000000000009efff]
[    0.000000]   node   0: [mem 0x0000000000100000-0x000000007ffeffff]
[    0.000000] Initmem setup node 0 [mem 0x0000000000001000-0x000000007ffeffff]
[    0.000000] ACPI: PM-Timer IO Port: 0x4008
[    0.000000] IOAPIC[0]: apic_id 2, version 32, address 0xfec00000, GSI 0-23
[    0.000000] ACPI: INT_SRC_OVR (bus 0 bus_irq 0 global_irq 2 dfl dfl)
[    0.000000] ACPI: INT_SRC_OVR (bus 0 bus_irq 9 global_irq 9 low level)
[    0.000000] Using ACPI (MADT) for SMP configuration information
[    0.000000] smpboot: Allowing 2 CPUs, 0 hotplug CPUs
[    0.000000] PM: Registered nosave memory: [mem 0x00000000-0x00000fff]
[    0.000000] PM: Registered nosave memory: [mem 0x0009f000-0x0009ffff]
[    0.000000] PM: Registered nosave memory: [mem 0x000a0000-0x000effff]
[    0.000000] PM: Registered nosave memory: [mem 0x000f0000-0x000fffff]
[    0.000000] e820: [mem 0x80000000-0xfebfffff] available for PCI devices
[    0.000000] Booting paravirtualized kernel on KVM
[    0.000000] clocksource: refined-jiffies: mask: 0xffffffff max_cycles: 0xffffffff, max_idle_ns: 7645519600211568 ns
[    0.000000] setup_percpu: NR_CPUS:512 nr_cpumask_bits:512 nr_cpu_ids:2 nr_node_ids:1
[    0.000000] PERCPU: Embedded 34 pages/cpu @ffff88007fc00000 s99608 r8192 d31464 u1048576
[    0.000000] PV qspinlock hash table entries: 256 (order: 0, 4096 bytes)
[    0.000000] Built 1 zonelists in Node order, mobility grouping on.  Total pages: 515960
[    0.000000] Policy zone: DMA32
[    0.000000] Kernel command line: BOOT_IMAGE=/boot/vmlinuz-4.4.0-138-generic root=LABEL=cloudimg-rootfs ro console=tty1 console=ttyS0
[    0.000000] PID hash table entries: 4096 (order: 3, 32768 bytes)
[    0.000000] Memory: 2029900K/2096696K available (8563K kernel code, 1314K rwdata, 4004K rodata, 1528K init, 1316K bss, 66796K reserved, 0K cma-reserved)
[    0.000000] SLUB: HWalign=64, Order=0-3, MinObjects=0, CPUs=2, Nodes=1
[    0.000000] Kernel/User page tables isolation: enabled
[    0.000000] Hierarchical RCU implementation.
[    0.000000] 	Build-time adjustment of leaf fanout to 64.
[    0.000000] 	RCU restricting CPUs from NR_CPUS=512 to nr_cpu_ids=2.
[    0.000000] RCU: Adjusting geometry for rcu_fanout_leaf=64, nr_cpu_ids=2
[    0.000000] NR_IRQS:33024 nr_irqs:440 16
[    0.000000] Console: colour VGA+ 80x25
[    0.000000] console [tty1] enabled
[    0.000000] console [ttyS0] enabled
[    0.000000] tsc: Detected 2711.998 MHz processor
[    0.134394] Calibrating delay loop (skipped) preset value.. 5423.99 BogoMIPS (lpj=10847992)
[    0.135914] pid_max: default: 32768 minimum: 301
[    0.136731] ACPI: Core revision 20150930
[    0.138110] ACPI: 2 ACPI AML tables successfully acquired and loaded
[    0.139294] Security Framework initialized
[    0.140039] Yama: becoming mindful.
[    0.140708] AppArmor: AppArmor initialized
[    0.142626] Dentry cache hash table entries: 262144 (order: 9, 2097152 bytes)
[    0.144041] Inode-cache hash table entries: 131072 (order: 8, 1048576 bytes)
[    0.146427] Mount-cache hash table entries: 4096 (order: 3, 32768 bytes)
[    0.147569] Mountpoint-cache hash table entries: 4096 (order: 3, 32768 bytes)
[    0.148839] Initializing cgroup subsys io
[    0.149574] Initializing cgroup subsys memory
[    0.150487] Initializing cgroup subsys devices
[    0.151284] Initializing cgroup subsys freezer
[    0.152151] Initializing cgroup subsys net_cls
[    0.153165] Initializing cgroup subsys perf_event
[    0.154240] Initializing cgroup subsys net_prio
[    0.155107] Initializing cgroup subsys hugetlb
[    0.155924] Initializing cgroup subsys pids
[    0.157883] mce: CPU supports 0 MCE banks
[    0.158623] Last level iTLB entries: 4KB 64, 2MB 8, 4MB 8
[    0.159526] Last level dTLB entries: 4KB 64, 2MB 0, 4MB 0, 1GB 4
[    0.160510] Spectre V2 : Mitigation: Full generic retpoline
[    0.161436] Spectre V2 : Spectre v2 mitigation: Speculation control IBPB not-supported IBRS not-supported
[    0.163604] Spectre V2 : Spectre v2 / SpectreRSB mitigation: Filling RSB on context switch
[    0.165640] Speculative Store Bypass: Vulnerable
[    0.168645] Freeing SMP alternatives memory: 32K
[    0.177281] ftrace: allocating 32278 entries in 127 pages
[    0.224352] smpboot: APIC(0) Converting physical 0 to logical package 0
[    0.226206] smpboot: Max logical packages: 1
[    0.227247] x2apic enabled
[    0.227975] Switched APIC routing to physical x2apic.
[    0.229692] ..TIMER: vector=0x30 apic1=0 pin1=2 apic2=-1 pin2=-1
[    0.339039] smpboot: CPU0: Intel(R) Core(TM) i7-8559U CPU @ 2.70GHz (family: 0x6, model: 0x8e, stepping: 0xa)
[    0.342030] Performance Events: unsupported p6 CPU model 142 no PMU driver, software events only.
[    0.343696] KVM setup paravirtual spinlock
[    0.346151] x86: Booting SMP configuration:
[    0.346944] .... node  #0, CPUs:      #1
[    0.347750] kvm-clock: cpu 1, msr 0:7ffe3041, secondary cpu clock
[    0.349548] mce: CPU supports 0 MCE banks
[    0.352133] x86: Booted up 1 node, 2 CPUs
[    0.353364] smpboot: Total of 2 processors activated (10847.99 BogoMIPS)
[    0.354896] devtmpfs: initialized
[    0.357368] evm: security.selinux
[    0.357994] evm: security.SMACK64
[    0.358615] evm: security.SMACK64EXEC
[    0.359545] evm: security.SMACK64TRANSMUTE
[    0.360671] evm: security.SMACK64MMAP
[    0.361352] evm: security.ima
[    0.361941] evm: security.capability
[    0.362722] clocksource: jiffies: mask: 0xffffffff max_cycles: 0xffffffff, max_idle_ns: 7645041785100000 ns
[    0.364435] futex hash table entries: 512 (order: 3, 32768 bytes)
[    0.365562] pinctrl core: initialized pinctrl subsystem
[    0.366695] RTC time:  9:57:45, date: 12/31/19
[    0.367619] NET: Registered protocol family 16
[    0.378824] cpuidle: using governor ladder
[    0.391380] cpuidle: using governor menu
[    0.393138] PCCT header not found.
[    0.394142] ACPI: bus type PCI registered
[    0.394951] acpiphp: ACPI Hot Plug PCI Controller Driver version: 0.5
[    0.396207] PCI: Using configuration type 1 for base access
[    0.408348] ACPI: Added _OSI(Module Device)
[    0.410176] ACPI: Added _OSI(Processor Device)
[    0.411475] ACPI: Added _OSI(3.0 _SCP Extensions)
[    0.412547] ACPI: Added _OSI(Processor Aggregator Device)
[    0.414175] ACPI: Executed 1 blocks of module-level executable AML code
[    0.417310] ACPI: Interpreter enabled
[    0.418111] ACPI: (supports S0 S5)
[    0.418797] ACPI: Using IOAPIC for interrupt routing
[    0.419861] PCI: Using host bridge windows from ACPI; if necessary, use "pci=nocrs" and report a bug
[    0.425162] ACPI: PCI Root Bridge [PCI0] (domain 0000 [bus 00-ff])
[    0.426300] acpi PNP0A03:00: _OSC: OS supports [ASPM ClockPM Segments MSI]
[    0.428357] acpi PNP0A03:00: _OSC: not requesting OS control; OS requires [ExtendedConfig ASPM ClockPM MSI]
[    0.430026] acpi PNP0A03:00: fail to add MMCONFIG information, can't access extended PCI configuration space under this bridge.
[    0.432331] PCI host bridge to bus 0000:00
[    0.433069] pci_bus 0000:00: root bus resource [io  0x0000-0x0cf7 window]
[    0.434165] pci_bus 0000:00: root bus resource [io  0x0d00-0xffff window]
[    0.435393] pci_bus 0000:00: root bus resource [mem 0x000a0000-0x000bffff window]
[    0.436881] pci_bus 0000:00: root bus resource [mem 0x80000000-0xfdffffff window]
[    0.438975] pci_bus 0000:00: root bus resource [bus 00-ff]
[    0.442023] pci 0000:00:01.1: legacy IDE quirk: reg 0x10: [io  0x01f0-0x01f7]
[    0.443275] pci 0000:00:01.1: legacy IDE quirk: reg 0x14: [io  0x03f6]
[    0.444644] pci 0000:00:01.1: legacy IDE quirk: reg 0x18: [io  0x0170-0x0177]
[    0.445839] pci 0000:00:01.1: legacy IDE quirk: reg 0x1c: [io  0x0376]
[    0.467827] pci 0000:00:07.0: quirk: [io  0x4000-0x403f] claimed by PIIX4 ACPI
[    0.469595] pci 0000:00:07.0: quirk: [io  0x4100-0x410f] claimed by PIIX4 SMB
[    0.480293] ACPI: PCI Interrupt Link [LNKA] (IRQs 5 9 10 *11)
[    0.482094] ACPI: PCI Interrupt Link [LNKB] (IRQs 5 9 *10 11)
[    0.483389] ACPI: PCI Interrupt Link [LNKC] (IRQs 5 *9 10 11)
[    0.485394] ACPI: PCI Interrupt Link [LNKD] (IRQs 5 9 10 *11)
[    0.486735] ACPI: Enabled 2 GPEs in block 00 to 07
[    0.487968] vgaarb: setting as boot device: PCI:0000:00:02.0
[    0.489290] vgaarb: device added: PCI:0000:00:02.0,decodes=io+mem,owns=io+mem,locks=none
[    0.490991] vgaarb: loaded
[    0.491569] vgaarb: bridge control possible 0000:00:02.0
[    0.492655] SCSI subsystem initialized
[    0.493469] ACPI: bus type USB registered
[    0.494222] usbcore: registered new interface driver usbfs
[    0.495208] usbcore: registered new interface driver hub
[    0.496137] usbcore: registered new device driver usb
[    0.497195] PCI: Using ACPI for IRQ routing
[    0.498263] NetLabel: Initializing
[    0.498947] NetLabel:  domain hash size = 128
[    0.499744] NetLabel:  protocols = UNLABELED CIPSOv4
[    0.500662] NetLabel:  unlabeled traffic allowed by default
[    0.502004] amd_nb: Cannot enumerate AMD northbridges
[    0.502966] clocksource: Switched to clocksource kvm-clock
[    0.510882] AppArmor: AppArmor Filesystem Enabled
[    0.512205] pnp: PnP ACPI init
[    0.513886] pnp: PnP ACPI: found 3 devices
[    0.523535] clocksource: acpi_pm: mask: 0xffffff max_cycles: 0xffffff, max_idle_ns: 2085701024 ns
[    0.525925] NET: Registered protocol family 2
[    0.526799] TCP established hash table entries: 16384 (order: 5, 131072 bytes)
[    0.528234] TCP bind hash table entries: 16384 (order: 6, 262144 bytes)
[    0.529339] TCP: Hash tables configured (established 16384 bind 16384)
[    0.530537] UDP hash table entries: 1024 (order: 3, 32768 bytes)
[    0.532234] UDP-Lite hash table entries: 1024 (order: 3, 32768 bytes)
[    0.533660] NET: Registered protocol family 1
[    0.534464] pci 0000:00:00.0: Limiting direct PCI/PCI transfers
[    0.535481] pci 0000:00:01.0: Activating ISA DMA hang workarounds
[    0.536659] Unpacking initramfs...
[    0.703506] Freeing initrd memory: 14796K
[    0.704554] platform rtc_cmos: registered platform RTC device (no PNP device found)
[    0.706848] Scanning for low memory corruption every 60 seconds
[    0.708424] audit: initializing netlink subsys (disabled)
[    0.709567] audit: type=2000 audit(1577786269.856:1): initialized
[    0.711411] Initialise system trusted keyring
[    0.712520] HugeTLB registered 2 MB page size, pre-allocated 0 pages
[    0.714506] zbud: loaded
[    0.715368] VFS: Disk quotas dquot_6.6.0
[    0.716098] VFS: Dquot-cache hash table entries: 512 (order 0, 4096 bytes)
[    0.717395] squashfs: version 4.0 (2009/01/31) Phillip Lougher
[    0.718561] fuse init (API version 7.23)
[    0.719446] Key type big_key registered
[    0.720533] Allocating IMA MOK and blacklist keyrings.
[    0.722517] Key type asymmetric registered
[    0.723360] Asymmetric key parser 'x509' registered
[    0.724260] Block layer SCSI generic (bsg) driver version 0.4 loaded (major 249)
[    0.725641] io scheduler noop registered
[    0.726793] io scheduler deadline registered (default)
[    0.727839] io scheduler cfq registered
[    0.728631] pci_hotplug: PCI Hot Plug PCI Core version: 0.5
[    0.729615] pciehp: PCI Express Hot Plug Controller Driver version: 0.4
[    0.731124] ACPI: AC Adapter [AC] (on-line)
[    0.731979] input: Power Button as /devices/LNXSYSTM:00/LNXPWRBN:00/input/input0
[    0.733341] ACPI: Power Button [PWRF]
[    0.734090] input: Sleep Button as /devices/LNXSYSTM:00/LNXSLPBN:00/input/input1
[    0.735493] ACPI: Sleep Button [SLPF]
[    0.736425] GHES: HEST is not enabled!
[    0.737393] ACPI: Battery Slot [BAT0] (battery present)
[    0.738379] Serial: 8250/16550 driver, 32 ports, IRQ sharing enabled
[    0.759980] 00:02: ttyS0 at I/O 0x3f8 (irq = 4, base_baud = 115200) is a 16550A
[    0.765292] Linux agpgart interface v0.103
[    0.768664] loop: module loaded
[    0.770036] scsi host0: ata_piix
[    0.771273] scsi host1: ata_piix
[    0.771988] ata1: PATA max UDMA/33 cmd 0x1f0 ctl 0x3f6 bmdma 0xd000 irq 14
[    0.773129] ata2: PATA max UDMA/33 cmd 0x170 ctl 0x376 bmdma 0xd008 irq 15
[    0.774341] libphy: Fixed MDIO Bus: probed
[    0.775147] tun: Universal TUN/TAP device driver, 1.6
[    0.776046] tun: (C) 1999-2004 Max Krasnyansky <maxk@qualcomm.com>
[    0.777137] PPP generic driver version 2.4.2
[    0.778078] ehci_hcd: USB 2.0 'Enhanced' Host Controller (EHCI) Driver
[    0.779524] ehci-pci: EHCI PCI platform driver
[    0.780363] ehci-platform: EHCI generic platform driver
[    0.781253] ohci_hcd: USB 1.1 'Open' Host Controller (OHCI) Driver
[    0.782365] ohci-pci: OHCI PCI platform driver
[    0.783146] ohci-platform: OHCI generic platform driver
[    0.784380] uhci_hcd: USB Universal Host Controller Interface driver
[    0.785477] i8042: PNP: PS/2 Controller [PNP0303:PS2K,PNP0f03:PS2M] at 0x60,0x64 irq 1,12
[    0.787295] serio: i8042 KBD port at 0x60,0x64 irq 1
[    0.788167] serio: i8042 AUX port at 0x60,0x64 irq 12
[    0.789347] mousedev: PS/2 mouse device common for all mice
[    0.790719] input: AT Translated Set 2 keyboard as /devices/platform/i8042/serio0/input/input2
[    0.792813] rtc_cmos rtc_cmos: rtc core: registered rtc_cmos as rtc0
[    0.793983] rtc_cmos rtc_cmos: alarms up to one day, 114 bytes nvram
[    0.795029] i2c /dev entries driver
[    0.796242] device-mapper: uevent: version 1.0.3
[    0.797447] device-mapper: ioctl: 4.34.0-ioctl (2015-10-28) initialised: dm-devel@redhat.com
[    0.798931] ledtrig-cpu: registered to indicate activity on CPUs
[    0.800356] NET: Registered protocol family 10
[    0.801330] NET: Registered protocol family 17
[    0.802138] Key type dns_resolver registered
[    0.803286] registered taskstats version 1
[    0.804062] Loading compiled-in X.509 certificates
[    0.805323] Loaded X.509 cert 'Build time autogenerated kernel key: 9a104bc44b81e9426fe5c715e47d021d02d69eba'
[    0.807071] zswap: loaded using pool lzo/zbud
[    0.809506] Key type trusted registered
[    0.812457] Key type encrypted registered
[    0.813558] AppArmor: AppArmor sha1 policy hashing enabled
[    0.814511] ima: No TPM chip found, activating TPM-bypass!
[    0.815478] ima: Allocated hash algorithm: sha1
[    0.816299] evm: HMAC attrs: 0x1
[    0.817319]   Magic number: 15:762:981
[    0.818402] rtc_cmos rtc_cmos: setting system clock to 2019-12-31 09:57:45 UTC (1577786265)
[    0.820140] BIOS EDD facility v0.16 2004-Jun-25, 0 devices found
[    0.821177] EDD information not available.
[    0.932577] Freeing unused kernel memory: 1528K
[    0.934108] Write protecting the kernel read-only data: 14336k
[    0.936191] Freeing unused kernel memory: 1664K
[    0.937416] Freeing unused kernel memory: 92K
Loading, please wait...
starting version 229
[    0.948315] random: systemd-udevd: uninitialized urandom read (16 bytes read, 1 bits of entropy available)
[    0.948733] random: udevadm: uninitialized urandom read (16 bytes read, 1 bits of entropy available)
[    0.948746] random: udevadm: uninitialized urandom read (16 bytes read, 1 bits of entropy available)
[    0.954679] random: systemd-udevd: uninitialized urandom read (16 bytes read, 1 bits of entropy available)
[    0.955531] random: udevadm: uninitialized urandom read (16 bytes read, 1 bits of entropy available)
[    0.955560] random: udevadm: uninitialized urandom read (16 bytes read, 1 bits of entropy available)
[    0.955651] random: udevadm: uninitialized urandom read (16 bytes read, 1 bits of entropy available)
[    0.955682] random: udevadm: uninitialized urandom read (16 bytes read, 1 bits of entropy available)
[    0.955714] random: udevadm: uninitialized urandom read (16 bytes read, 1 bits of entropy available)
[    0.955747] random: udevadm: uninitialized urandom read (16 bytes read, 1 bits of entropy available)
[    0.993435] Fusion MPT base driver 3.04.20
[    0.994595] Copyright (c) 1999-2008 LSI Corporation
[    0.997803] e1000: Intel(R) PRO/1000 Network Driver - version 7.3.21-k8-NAPI
[    0.999548] e1000: Copyright (c) 1999-2006 Intel Corporation.
[    1.004621] Fusion MPT SPI Host driver 3.04.20
[    1.014533] AVX2 version of gcm_enc/dec engaged.
[    1.015926] AES CTR mode by8 optimization enabled
[    1.223995] input: ImExPS/2 Generic Explorer Mouse as /devices/platform/i8042/serio1/input/input4
[    1.826884] tsc: Refined TSC clocksource calibration: 2711.854 MHz
[    1.828643] clocksource: tsc: mask: 0xffffffffffffffff max_cycles: 0x2716fc85777, max_idle_ns: 440795262709 ns
[    1.853853] e1000 0000:00:03.0 eth0: (PCI:33MHz:32-bit) 02:9f:4a:0a:1b:63
[    1.855705] e1000 0000:00:03.0 eth0: Intel(R) PRO/1000 Network Connection
[    3.852496] e1000 0000:00:08.0 eth1: (PCI:33MHz:32-bit) 08:00:27:28:97:0f
[    3.854089] e1000 0000:00:08.0 eth1: Intel(R) PRO/1000 Network Connection
[    3.856209] mptbase: ioc0: Initiating bringup
[    3.856270] e1000 0000:00:03.0 enp0s3: renamed from eth0
[    3.871930] e1000 0000:00:08.0 enp0s8: renamed from eth1
[    3.924293] ioc0: LSI53C1030 A0: Capabilities={Initiator}
[    4.090870] scsi host2: ioc0: LSI53C1030 A0, FwRev=00000000h, Ports=1, MaxQ=256, IRQ=20
[    4.205043] scsi 2:0:0:0: Direct-Access     VBOX     HARDDISK         1.0  PQ: 0 ANSI: 5
[    4.207941] scsi target2:0:0: Beginning Domain Validation
[    4.210641] scsi target2:0:0: Domain Validation skipping write tests
[    4.212130] scsi target2:0:0: Ending Domain Validation
[    4.213341] scsi target2:0:0: asynchronous
[    4.214624] scsi 2:0:1:0: Direct-Access     VBOX     HARDDISK         1.0  PQ: 0 ANSI: 5
[    4.223995] scsi target2:0:1: Beginning Domain Validation
[    4.226260] scsi target2:0:1: Domain Validation skipping write tests
[    4.227398] scsi target2:0:1: Ending Domain Validation
[    4.228353] scsi target2:0:1: asynchronous
[    4.232753] sd 2:0:0:0: [sda] 20971520 512-byte logical blocks: (10.7 GB/10.0 GiB)
[    4.232872] sd 2:0:0:0: Attached scsi generic sg0 type 0
[    4.235301] sd 2:0:0:0: [sda] Write Protect is off
[    4.236243] sd 2:0:1:0: Attached scsi generic sg1 type 0
[    4.237232] sd 2:0:1:0: [sdb] 20480 512-byte logical blocks: (10.5 MB/10.0 MiB)
[    4.238633] sd 2:0:0:0: [sda] Incomplete mode parameter data
[    4.239668] sd 2:0:0:0: [sda] Assuming drive cache: write through
[    4.241082] sd 2:0:1:0: [sdb] Write Protect is off
[    4.242061] sd 2:0:1:0: [sdb] Incomplete mode parameter data
[    4.243056] sd 2:0:1:0: [sdb] Assuming drive cache: write through
[    4.243564]  sda: sda1
[    4.245370] sd 2:0:0:0: [sda] Attached SCSI disk
[    4.246808] sd 2:0:1:0: [sdb] Attached SCSI disk
Begin: Loading essential drivers ... [    5.481308] md: linear personality registered for level -1
[    5.484714] md: multipath personality registered for level -4
[    5.487770] md: raid0 personality registered for level 0
[    5.490774] md: raid1 personality registered for level 1
[    5.559616] raid6: sse2x1   gen() 13313 MB/s
[    5.627317] raid6: sse2x1   xor() 10112 MB/s
[    5.695448] raid6: sse2x2   gen() 11315 MB/s
[    5.763111] raid6: sse2x2   xor() 12484 MB/s
[    5.831304] raid6: sse2x4   gen() 17927 MB/s
[    5.899777] raid6: sse2x4   xor() 13969 MB/s
[    5.969514] raid6: avx2x1   gen() 25898 MB/s
[    6.039860] raid6: avx2x2   gen() 29982 MB/s
[    6.107324] raid6: avx2x4   gen() 34006 MB/s
[    6.108547] raid6: using algorithm avx2x4 gen() 34006 MB/s
[    6.110677] raid6: using avx2x2 recovery algorithm
[    6.112870] xor: automatically using best checksumming function:
[    6.151188]    avx       : 33208.000 MB/sec
[    6.153507] async_tx: api initialized (async)
[    6.160198] md: raid6 personality registered for level 6
[    6.161620] md: raid5 personality registered for level 5
[    6.162559] md: raid4 personality registered for level 4
[    6.167804] md: raid10 personality registered for level 10
done.
Begin: Running /scripts/init-premount ... done.
Begin: Mounting root file system ... Begin: Running /scripts/local-top ... done.
Begin: Running /scripts/local-premount ... [    6.193845] Btrfs loaded
Scanning for Btrfs filesystems
done.
Warning: fsck not present, so skipping root file system
[    6.209572] EXT4-fs (sda1): mounted filesystem with ordered data mode. Opts: (null)
done.
Begin: Running /scripts/local-bottom ... done.
Begin: Running /scripts/init-bottom ... done.
[    6.251448] systemd[1]: systemd 229 running in system mode. (+PAM +AUDIT +SELINUX +IMA +APPARMOR +SMACK +SYSVINIT +UTMP +LIBCRYPTSETUP +GCRYPT +GNUTLS +ACL +XZ -LZ4 +SECCOMP +BLKID +ELFUTILS +KMOD -IDN)
[    6.254464] systemd[1]: Detected virtualization oracle.
[    6.255417] systemd[1]: Detected architecture x86-64.

Welcome to [1mUbuntu 16.04.5 LTS[0m!

[    6.258445] systemd[1]: Set hostname to <ubuntu>.
[    6.260560] systemd[1]: Initializing machine ID from random generator.
[    6.261673] systemd[1]: Installed transient /etc/machine-id file.
[    6.336529] systemd[1]: Reached target User and Group Name Lookups.
[[0;32m  OK  [0m] Reached target User and Group Name Lookups.
[    6.338689] systemd[1]: Reached target System Time Synchronized.
[[0;32m  OK  [0m] Reached target System Time Synchronized.
[    6.341567] systemd[1]: Listening on Journal Audit Socket.
[[0;32m  OK  [0m] Listening on Journal Audit Socket.
[    6.343680] systemd[1]: Created slice System Slice.
[[0;32m  OK  [0m] Created slice System Slice.
[    6.345438] systemd[1]: Listening on LVM2 poll daemon socket.
[[0;32m  OK  [0m] Listening on LVM2 poll daemon socket.
[    6.347422] systemd[1]: Listening on Syslog Socket.
[[0;32m  OK  [0m] Listening on Syslog Socket.
[    6.349144] systemd[1]: Started Trigger resolvconf update for networkd DNS.
[[0;32m  OK  [0m] Started Trigger resolvconf update for networkd DNS.
[    6.351677] systemd[1]: Created slice User and Session Slice.
[[0;32m  OK  [0m] Created slice User and Session Slice.
[    6.353659] systemd[1]: Reached target Slices.
[[0;32m  OK  [0m] Reached target Slices.
[    6.355279] systemd[1]: Listening on Journal Socket (/dev/log).
[[0;32m  OK  [0m] Listening on Journal Socket (/dev/log).
[    6.357266] systemd[1]: Reached target Encrypted Volumes.
[[0;32m  OK  [0m] Reached target Encrypted Volumes.
[    6.359122] systemd[1]: Listening on udev Control Socket.
[[0;32m  OK  [0m] Listening on udev Control Socket.
[    6.361082] systemd[1]: Set up automount Arbitrary Executable File Formats File System Automount Point.
[[0;32m  OK  [0m] Set up automount Arbitrary Executab...ats File System Automount Point.
[    6.364438] systemd[1]: Listening on LVM2 metadata daemon socket.
[[0;32m  OK  [0m] Listening on LVM2 metadata daemon socket.
[    6.366551] systemd[1]: Listening on /dev/initctl Compatibility Named Pipe.
[[0;32m  OK  [0m] Listening on /dev/initctl Compatibility Named Pipe.
[    6.368826] systemd[1]: Listening on udev Kernel Socket.
[[0;32m  OK  [0m] Listening on udev Kernel Socket.
[    6.375665] systemd[1]: Started Forward Password Requests to Wall Directory Watch.
[[0;32m  OK  [0m] Started Forward Password Requests to Wall Directory Watch.
[    6.387395] systemd[1]: Listening on Device-mapper event daemon FIFOs.
[[0;32m  OK  [0m] Listening on Device-mapper event daemon FIFOs.
[    6.391124] systemd[1]: Reached target Swap.
[[0;32m  OK  [0m] Reached target Swap.
[    6.393092] systemd[1]: Listening on Journal Socket.
[[0;32m  OK  [0m] Listening on Journal Socket.
[    6.407913] systemd[1]: Starting Create list of required static device nodes for the current kernel...
         Starting Create list of required st... nodes for the current kernel...
[    6.421070] systemd[1]: Mounting Debug File System...
         Mounting Debug File System...
[    6.424546] systemd[1]: Starting Uncomplicated firewall...
         Starting Uncomplicated firewall...
[    6.427685] systemd[1]: Mounting POSIX Message Queue File System...
         Mounting POSIX Message Queue File System...
[    6.430738] systemd[1]: Starting Remount Root and Kernel File Systems...
         Starting Remount Root and Kernel File Systems...
[    6.434245] EXT4-fs (sda1): re-mounted. Opts: (null)
[    6.440457] systemd[1]: Starting Set console keymap...
         Starting Set console keymap...
[    6.442829] systemd[1]: Starting Nameserver information manager...
         Starting Nameserver information manager...
[    6.446894] systemd[1]: Starting Journal Service...
         Starting Journal Service...
[    6.449062] systemd[1]: Mounting Huge Pages File System...
         Mounting Huge Pages File System...
[    6.451348] systemd[1]: Starting Monitoring of LVM2 mirrors, snapshots etc. using dmeventd or progress polling...
         Starting Monitoring of LVM2 mirrors... dmeventd or progress polling...
[    6.456868] systemd[1]: Starting Load Kernel Modules...
         Starting Load Kernel Modules...
[    6.459869] systemd[1]: Created slice system-serial\x2dgetty.slice.
[[0;32m  OK  [0m] Created slice system-serial\x2dgetty.slice.
[    6.465133] systemd[1]: Mounted Huge Pages File System.
[[0;32m  OK  [0m] Mounted Huge Pages File System.
[    6.467052] systemd[1]: Mounted POSIX Message Queue File System.
[[0;32m  OK  [0m] Mounted POSIX Message Queue File System.
[    6.469129] Loading iSCSI transport class v2.0-870.
[    6.469171] systemd[1]: Mounted Debug File System.
[[0;32m  OK  [0m] Mounted Debug File System.
[    6.472420] systemd[1]: Started Create list of required static device nodes for the current kernel.
[[0;32m  OK  [0m] Started Create list of required sta...ce nodes for the current kernel.
[    6.479747] systemd[1]: Started Uncomplicated firewall.
[[0;32m  OK  [0m] Started Uncomplicated firewall.
[    6.482594] systemd[1]: Started Remount Root and Kernel File Systems.
[[0;32m  OK  [0m] Started Remount Root and Kernel File Systems.
[    6.487887] iscsi: registered transport (tcp)
[    6.492839] systemd[1]: Started Set console keymap.
[[0;32m  OK  [0m] Started Set console keymap.
[    6.495419] systemd[1]: Started Journal Service.
[[0;32m  OK  [0m] Started Journal Service.
[[0;32m  OK  [0m] Started Nameserver information manager.
[    6.515094] iscsi: registered transport (iser)
[[0;32m  OK  [0m] Started Load Kernel Modules.
         Mounting FUSE Control File System...
         Starting Apply Kernel Variables...
[[0;32m  OK  [0m] Started LVM2 metadata daemon.
         Starting Flush Journal to Persistent Storage...
         Starting Load/Save Random Seed...
         Starting udev Coldplug all Devices...
         Starting Create Static Device Nodes in /dev...
[[0;32m  OK  [0m] Mounted FUSE Control File System.
[[0;32m  OK  [0m] Started Apply Kernel Variables.
[[0;32m  OK  [0m] Started Load/Save Random Seed.
[[0;32m  OK  [0m] Started Create Static Device Nodes in /dev.
[[0;32m  OK  [0m] Started Flush Journal to Persistent Storage.
[[0;32m  OK  [0m] Started udev Coldplug all Devices.
         Starting udev Kernel Device Manager...
[[0;32m  OK  [0m] Started udev Kernel Device Manager.
[[0;32m  OK  [0m] Started Dispatch Password Requests to Console Directory Watch.
[[0;32m  OK  [0m] Found device /dev/ttyS0.
[[0;32m  OK  [0m] Listening on Load/Save RF Kill Switch Status /dev/rfkill Watch.
[[0;32m  OK  [0m] Started Monitoring of LVM2 mirrors,...ng dmeventd or progress polling.
[[0;32m  OK  [0m] Reached target Local File Systems (Pre).
[[0;32m  OK  [0m] Reached target Local File Systems.
         Starting Commit a transient machine-id on disk...
         Starting Set console font and keymap...
         Starting Initial cloud-init job (pre-networking)...
         Starting Tell Plymouth To Write Out Runtime Data...
         Starting LSB: AppArmor initialization...
         Starting Create Volatile Files and Directories...
[[0;32m  OK  [0m] Started Commit a transient machine-id on disk.
[[0;32m  OK  [0m] Started Tell Plymouth To Write Out Runtime Data.
[[0;32m  OK  [0m] Started Create Volatile Files and Directories.
         Starting Update UTMP about System Boot/Shutdown...
[[0;32m  OK  [0m] Started Update UTMP about System Boot/Shutdown.
[[0;32m  OK  [0m] Started Set console font and keymap.
[[0;32m  OK  [0m] Created slice system-getty.slice.
[[0;32m  OK  [0m] Started LSB: AppArmor initialization.
[    7.542666] cloud-init[626]: Cloud-init v. 18.3-9-g2e62cb8a-0ubuntu1~16.04.2 running 'init-local' at Tue, 31 Dec 2019 09:57:52 +0000. Up 7.32 seconds.
[[0;32m  OK  [0m] Started Initial cloud-init job (pre-networking).
[[0;32m  OK  [0m] Reached target Network (Pre).
         Starting Raise network interfaces...
[[0;32m  OK  [0m] Started Raise network interfaces.
[[0;32m  OK  [0m] Reached target Network.
         Starting Initial cloud-init job (metadata service crawler)...
[    8.362081] cloud-init[948]: Cloud-init v. 18.3-9-g2e62cb8a-0ubuntu1~16.04.2 running 'init' at Tue, 31 Dec 2019 09:57:52 +0000. Up 7.94 seconds.
[    8.368368] cloud-init[948]: ci-info: ++++++++++++++++++++++++++++++++++++++Net device info+++++++++++++++++++++++++++++++++++++++
[    8.376685] cloud-init[948]: ci-info: +--------+-------+----------------------------+---------------+--------+-------------------+
[    8.384327] cloud-init[948]: ci-info: | Device |   Up  |          Address           |      Mask     | Scope  |     Hw-Address    |
[    8.386122] cloud-init[948]: ci-info: +--------+-------+----------------------------+---------------+--------+-------------------+
[    8.388324] cloud-init[948]: ci-info: | enp0s3 |  True |         10.0.2.15          | 255.255.255.0 | global | 02:9f:4a:0a:1b:63 |
[    8.396563] cloud-init[948]: ci-info: | enp0s3 |  True | fe80::9f:4aff:fe0a:1b63/64 |       .       |  link  | 02:9f:4a:0a:1b:63 |
[[0;32m  OK  [0m] Started Initial cloud-init job (metadata service crawler).
[[0;32m  OK  [0m] Reached target Network is Online.
[    8.402883] cloud-init[948]: ci-info: | enp0s8 | False |             .              |       .       |   .    | 08:00:27:28:97:0f |
[    8.407501] cloud-init[948]: ci-info: |   lo   |  True |         127.0.0.1          |   255.0.0.0   |  host  |         .         |
[    8.409244] cloud-init[948]: ci-info: |   lo   |  True |          ::1/128           |       .       |  host  |         .         |
[    8.410946] cloud-init[948]: ci-info: +--------+-------+----------------------------+---------------+--------+-------------------+
[    8.424583] cloud-init[948]: ci-info: +++++++++++++++++++++++++++Route IPv4 info++++++++++++++++++++++++++++
[    8.424746] cloud-init[948]: ci-info: +-------+-------------+----------+---------------+-----------+-------+
[    8.424963] cloud-init[948]: ci-info: | Route | Destination | Gateway  |    Genmask    | Interface | Flags |
[    8.425153] cloud-init[948]: ci-info: +-------+-------------+----------+---------------+-----------+-------+
[    8.425686] cloud-init[948]: ci-info: |   0   |   0.0.0.0   | 10.0.2.2 |    0.0.0.0    |   enp0s3  |   UG  |
[    8.426154] cloud-init[948]: ci-info: |   1   |   10.0.2.0  | 0.0.0.0  | 255.255.255.0 |   enp0s3  |   U   |
[    8.426629] cloud-init[948]: ci-info: +-------+-------------+----------+---------------+-----------+-------+
         Starting iSCSI initiator daemon (iscsid)...
[    8.426962] cloud-init[948]: ci-info: +++++++++++++++++++Route IPv6 info+++++++++++++++++++
[    8.434671] cloud-init[948]: ci-info: +-------+-------------+---------+-----------+-------+
[[0;32m  OK  [0m] Reached target System Initialization.
[[    8.434785] cloud-init[948]: ci-info: | Route | Destination | Gateway | Interface | Flags |
[    8.437606] cloud-init[948]: ci-info: +-------+-------------+---------+-----------+-------+
[0;32m  OK  [0m] Started Daily Cleanup of Temporary Directories.
[[0;32m  OK  [0m[    8.437965] cloud-init[948]: ci-info: |   0   |  fe80::/64  |    ::   |   enp0s3  |   U   |
[    8.441362] cloud-init[948]: ci-info: |   3   |   ff00::/8  |    ::   |   enp0s3  |   U   |
[    8.441812] cloud-init[948]: ci-info: +-------+-------------+---------+-----------+-------+
[    8.442278] cloud-init[948]: Generating public/private rsa key pair.
[    8.442753] cloud-init[948]: Your identification has been saved in /etc/ssh/ssh_host_rsa_key.
[    8.443216] cloud-init[948]: Your public key has been saved in /etc/ssh/ssh_host_rsa_key.pub.
[    8.443868] cloud-init[948]: The key fingerprint is:
[    8.444553] cloud-init[948]: SHA256:WpNt7BMMnYirEsVr0r/kkYF4TRA4E0LQnU54TeeBNlY root@ubuntu-xenial
[    8.444714] cloud-init[948]: The key's randomart image is:
] Listening on D-Bus System Message Bus Socket.
[    8.444778] cloud-init[948]: +---[RSA 2048]----+
[    8.456249] cloud-init[948]: |=o.=o=.oE        |
[    8.456400] cloud-init[948]: | .*.=.*+ + .     |
[    8.456828] cloud-init[948]: |   *ooo.+ o      |
[    8.457308] cloud-init[948]: |   +.= . *       |
[    8.457782] cloud-init[948]: |  + * + S *      |
[    8.458305] cloud-init[948]: |   = o = + .     |
[    8.458809] cloud-init[948]: |  . . *   o      |
[    8.459286] cloud-init[948]: |   . o o   .     |
[    8.459771] cloud-init[948]: |      o          |
[[0;32m  OK  [0m] Started ACPI Events Check.
[[    8.460308] cloud-init[948]: +----[SHA256]-----+
[    8.462579] cloud-init[948]: Generating public/private dsa key pair.
[    8.463563] cloud-init[948]: Your identification has been saved in /etc/ssh/ssh_host_dsa_key.
[    8.464061] cloud-init[948]: Your public key has been saved in /etc/ssh/ssh_host_dsa_key.pub.
[    8.464715] cloud-init[948]: The key fingerprint is:
[    8.464877] cloud-init[948]: SHA256:y4djtNFbdHsey66IdSSDT3HyEfYW8DauuuJPTU3z3lA root@ubuntu-xenial
[    8.465055] cloud-init[948]: The key's randomart image is:
[    8.465240] cloud-init[948]: +---[DSA 1024]----+
[    8.465784] cloud-init[948]: |             +.. |
[    8.466295] cloud-init[948]: |            . + .|
[    8.466780] cloud-init[948]: |           o.o.OE|
[    8.466886] cloud-init[948]: |         ...=.Bo+|
[    8.466913] cloud-init[948]: |        S..+.+o+o|
[    8.466993] cloud-init[948]: |       o =oo* o=+|
[    8.467643] cloud-init[948]: |        B o+ + o+|
[    8.467676] cloud-init[948]: |       . ++ + .  |
[0;32m  OK  [0m] Reached target Paths.
         [    8.467801] Starting Socket activation for snappy daemon.cloud-init
[948]: |        .oo=.... |
[    8.476122] cloud-init[948]: +----[SHA256]-----+
[    8.476290] cloud-init[948]: Generating public/private ecdsa key pair.
[    8.476618] cloud-init[948]: Your identification has been saved in /etc/ssh/ssh_host_ecdsa_key.
[    8.477087] cloud-init[948]: Your public key has been saved in /etc/ssh/ssh_host_ecdsa_key.pub.
[    8.477560] cloud-init[948]: The key fingerprint is:
[[0;32m  OK  [0m] Started Daily apt download activities.
[[    8.477953] cloud-init[948]: SHA256:/CHwEQ3U7rciKTifIyXy/Yr/MvtBJ4y73wpcM0wtS7I root@ubuntu-xenial
[    8.481157] cloud-init[948]: The key's randomart image is:
[    8.481649] cloud-init[948]: +---[ECDSA 256]---+
[    8.482142] cloud-init[948]: |       .++       |
[    8.483907] cloud-init[948]: |         oo      |
[    8.484415] cloud-init[948]: |      o =..      |
[0;32m  OK  [0m] Started Daily apt upgrade and clean activities.
[[    8.484582] cloud-init[948]: |       % +.      |
[    8.486985] cloud-init[948]: |      E S.o      |
[    8.487611] cloud-init[948]: |  . ...+ B...    |
[    8.488394] cloud-init[948]: |   o =+ .... .   |
[    8.488727] cloud-init[948]: |    =.*+oo. .    |
[0;32m  OK  [0m] Reached target Timers.
[    8.489163] cloud-init[948]: |    .=B%*o..     |
[    8.490449] cloud-init[948]: +----[SHA256]-----+
[    8.490926] cloud-init[948]: Generating public/private ed25519 key pair.
[    8.491247] cloud-init[948]: Your identification has been saved in /etc/ssh/ssh_host_ed25519_key.
[    8.491724] cloud-init[948]: Your public key has been saved in /etc/ssh/ssh_host_ed25519_key.pub.
[    8.492398] cloud-init[948]: The key fingerprint is:
[    8.492883] cloud-init[948]: SHA256:juh53tflxUOFtWcso8LTYljNIMNdzt0kfLt7dVdukbg root@ubuntu-xenial
[    8.493396] cloud-init[948]: The key's randomart image is:
[    8.493940] cloud-init[948]: +--[ED25519 256]--+
[    8.494893] cloud-init[948]: |       .o......oo|
[    8.495349] cloud-init[948]: |        .o.* .o=+|
[[0;32m  OK  [0m] Listening on ACPID Listen Socket.
[    8.495832] cloud-init[948]: |          . = =oO|
         Starting LXD - unix socket.[    8.500556] cloud-init[948]: |         + . o Oo|
[    8.500730] cloud-init[948]: |        S * o oo+|
[    8.501331] cloud-init[948]: |     . o . + E.oO|
[    8.501741] cloud-init[948]: |    . . .  . o o*|
[    8.502256] cloud-init[948]: |   . ...  . . ...|
[    8.502650] cloud-init[948]: |    oo. ..      .|
[    8.503241] cloud-init[948]: +----[SHA256]-----+

[[0;32m  OK  [0m] Listening on UUID daemon activation socket.
[[0;32m  OK  [0m] Reached target Cloud-config availability.
[[0;32m  OK  [0m] Listening on Socket activation for snappy daemon.
[[0;32m  OK  [0m] Listening on LXD - unix socket.
[[0;32m  OK  [0m] Started iSCSI initiator daemon (iscsid).
         Starting Login to default iSCSI targets...
[[0;32m  OK  [0m] Reached target Sockets.
[[0;32m  OK  [0m] Reached target Basic System.
[[0;32m  OK  [0m] Started ACPI event daemon.
         Starting Virtualbox guest utils...
[[0;32m  OK  [0m] Started Unattended Upgrades Shutdown.
[[0;32m  OK  [0m] Started Deferred execution scheduler.
         Starting LSB: Record successful boot for GRUB...
[[0;32m  OK  [0m] Started FUSE filesystem for LXC.
         Starting /etc/rc.local Compatibility...
         Starting Pollinate to seed the pseudo random number generator...
[[0;32m  OK  [0m] Started D-Bus System Message Bus.
         Starting Accounts Service...
         Starting Login Service...
         Starting Snappy daemon...
         Starting LXD - container startup/shutdown...
         Starting System Logging Service...
[[0;32m  OK  [0m] Started Regular background program processing daemon.
         Starting LSB: MD monitoring daemon...
[[0;32m  OK  [0m] Started System Logging Service.
[[0;32m  OK  [0m] Started /etc/rc.local Compatibility.
[[0;32m  OK  [0m] Started Login to default iSCSI targets.
[[0;32m  OK  [0m] Started LXD - container startup/shutdown.
[[0;32m  OK  [0m] Started LSB: MD monitoring daemon.
[[0;32m  OK  [0m] Started Login Service.
         Starting Authenticate and Authorize Users to Run Privileged Tasks...
[[0;32m  OK  [0m] Reached target Remote File Systems (Pre).
[[0;32m  OK  [0m] Reached target Remote File Systems.
         Starting LSB: daemon to balance interrupts for SMP systems...
         Starting LSB: Set the CPU Frequency Scaling governor to "ondemand"...
         Starting LSB: automatic crash report generation...
         Starting Permit User Sessions...
[[0;32m  OK  [0m] Started Virtualbox guest utils.
[[0;32m  OK  [0m] Started LSB: Record successful boot for GRUB.
[[0;32m  OK  [0m] Started Permit User Sessions.
[[0;32m  OK  [0m] Started Authenticate and Authorize Users to Run Privileged Tasks.
[[0;32m  OK  [0m] Started Accounts Service.
[[0;32m  OK  [0m] Started Snappy daemon.
         Starting Wait until snapd is fully seeded...
         Starting Terminate Plymouth Boot Screen...
         Starting Hold until boot process finishes up...
[[0;32m  OK  [0m] Started LSB: daemon to balance interrupts for SMP systems.
[[0;32m  OK  [0m] Started LSB: Set the CPU Frequency Scaling governor to "ondemand".
[[0;32m  OK  [0m] Started LSB: automatic crash report generation.
[[0;32m  OK  [0m] Started Terminate Plymouth Boot Screen.
[[0;32m  OK  [0m] Started Hold until boot process finishes up.
[[0;32m  OK  [0m] Started Serial Getty on ttyS0.
[[0;32m  OK  [0m] Started Getty on tty1.
[[0;32m  OK  [0m] Reached target Login Prompts.
         Starting Set console scheme...
[[0;32m  OK  [0m] Started Set console scheme.
[[0;32m  OK  [0m] Started Pollinate to seed the pseudo random number generator.
         Starting OpenBSD Secure Shell server...
[[0;32m  OK  [0m] Started OpenBSD Secure Shell server.
[[0;32m  OK  [0m] Created slice User Slice of vagrant.
         Starting User Manager for UID 1000...
[[0;32m  OK  [0m] Started Session 1 of user vagrant.
[[0;32m  OK  [0m] Started User Manager for UID 1000.
[[0;32m  OK  [0m] Started Wait until snapd is fully seeded.
         Starting Apply the settings specified in cloud-config...
[[0;32m  OK  [0m] Reached target Multi-User System.
[[0;32m  OK  [0m] Reached target Graphical Interface.
         Starting Update UTMP about System Runlevel Changes...
[[0;32m  OK  [0m] Started Update UTMP about System Runlevel Changes.
[   12.996357] cloud-init[1283]: Generating locales (this might take a while)...
[   14.147493] cloud-init[1283]:   en_US.UTF-8... done
[   14.148165] cloud-init[1283]: Generation complete.
[   14.449664] cloud-init[1283]: Cloud-init v. 18.3-9-g2e62cb8a-0ubuntu1~16.04.2 running 'modules:config' at Tue, 31 Dec 2019 09:57:57 +0000. Up 12.74 seconds.
ci-info: no authorized ssh keys fingerprints found for user ubuntu.
<14>Dec 31 09:57:59 ec2: 
<14>Dec 31 09:57:59 ec2: #############################################################
<14>Dec 31 09:57:59 ec2: -----BEGIN SSH HOST KEY FINGERPRINTS-----
<14>Dec 31 09:57:59 ec2: 1024 SHA256:y4djtNFbdHsey66IdSSDT3HyEfYW8DauuuJPTU3z3lA root@ubuntu-xenial (DSA)
<14>Dec 31 09:57:59 ec2: 256 SHA256:/CHwEQ3U7rciKTifIyXy/Yr/MvtBJ4y73wpcM0wtS7I root@ubuntu-xenial (ECDSA)
<14>Dec 31 09:57:59 ec2: 256 SHA256:juh53tflxUOFtWcso8LTYljNIMNdzt0kfLt7dVdukbg root@ubuntu-xenial (ED25519)
<14>Dec 31 09:57:59 ec2: 2048 SHA256:WpNt7BMMnYirEsVr0r/kkYF4TRA4E0LQnU54TeeBNlY root@ubuntu-xenial (RSA)
<14>Dec 31 09:57:59 ec2: -----END SSH HOST KEY FINGERPRINTS-----
<14>Dec 31 09:57:59 ec2: #############################################################
-----BEGIN SSH HOST KEY KEYS-----
ecdsa-sha2-nistp256 AAAAE2VjZHNhLXNoYTItbmlzdHAyNTYAAAAIbmlzdHAyNTYAAABBBPLpkkxDjoS7UlpK4hvvNMH6M9iMBUCSgiFUlG5oBOj+jg0DPTx9ZiwgZ4OEyaxSl3FRQwtWb0nKb2CnSaMgSpA= root@ubuntu-xenial
ssh-ed25519 AAAAC3NzaC1lZDI1NTE5AAAAIGGHrz/RMuSFh2+xkXYc2cKhS0oNtyO2iwMn/9mtvLi1 root@ubuntu-xenial
ssh-rsa AAAAB3NzaC1yc2EAAAADAQABAAABAQDLsX0E5m63ZoSRqpHxusZakg9Wf9RvaZp17QJG2B51xuPCHKpUNaQvV4nO74L8R1D/x7k7f+99D8PU2wkcZlVh0hYjZ+tnipMwaMY4YcJyRcyJ836GckNvca9hg64oiRau16vtbMLF3wfCMRGzIDPf5llTOElzqJgYzJOSrHi1GDe9aP6SGV/7TEozuUm4UY2HyF54ywIVqcY1MWvEfxYgz3h9iigaZdUQ6OmozoTbdGthcc4wmcuU0nHRVE4N5FntUj6nGZO3N9Aq8jJRzkrpXt4TvXvOeCZ91HiRI4sYl+d+lo0R5DiASHMos1EusQXftDAjtvRhtjbrXQcj+8HF root@ubuntu-xenial
-----END SSH HOST KEY KEYS-----
[   14.830994] cloud-init[1523]: Cloud-init v. 18.3-9-g2e62cb8a-0ubuntu1~16.04.2 running 'modules:final' at Tue, 31 Dec 2019 09:57:59 +0000. Up 14.69 seconds.
[   14.831146] cloud-init[1523]: ci-info: no authorized ssh keys fingerprints found for user ubuntu.
[   14.831236] cloud-init[1523]: Cloud-init v. 18.3-9-g2e62cb8a-0ubuntu1~16.04.2 finished at Tue, 31 Dec 2019 09:57:59 +0000. Datasource DataSourceNoCloud [seed=/dev/sdb][dsmode=net].  Up 14.82 seconds

Ubuntu 16.04.5 LTS ubuntu-xenial ttyS0

ubuntu-xenial login: [[0;32m  OK  [0m] Stopped target Timers.
         Stopping Authenticate and Authorize Users to Run Privileged Tasks...
[[0;32m  OK  [0m] Stopped target Graphical Interface.
[[0;32m  OK  [0m] Closed Load/Save RF Kill Switch Status /dev/rfkill Watch.
[[0;32m  OK  [0m] Stopped target Cloud-init target.
[[0;32m  OK  [0m] Stopped Execute cloud user/final scripts.
[[0;32m  OK  [0m] Stopped Apply the settings specified in cloud-config.
[[0;32m  OK  [0m] Stopped target Cloud-config availability.
[[0;32m  OK  [0m] Stopped target Multi-User System.
         Stopping Regular background program processing daemon...
         Stopping D-Bus System Message Bus...
         Stopping Docker Application Container Engine...
         Stopping Deferred execution scheduler...
[[0;32m  OK  [0m] Stopped Daily apt upgrade and clean activities.
[[0;32m  OK  [0m] Stopped Daily apt download activities.
         Stopping LXD - container startup/shutdown...
         Stopping Session 4 of user vagrant.
[[0;32m  OK  [0m] Stopped target RPC Port Mapper.
[[0;32m  OK  [0m] Stopped Wait until snapd is fully seeded.
         Stopping Snappy daemon...
         Stopping LSB: Set the CPU Frequency Scaling governor to "ondemand"...
         Stopping LSB: Set up cgroupfs mounts....
         Stopping Virtualbox guest utils...
         Stopping NFS status monitor for NFSv2/3 locking....
         Stopping Accounts Service...
         Stopping ACPI event daemon...
[[0;32m  OK  [0m] Stopped Daily Cleanup of Temporary Directories.
         Stopping User Manager for UID 1000...
[[0;32m  OK  [0m] Stopped target System Time Synchronized.
         Stopping FUSE filesystem for LXC...
         Stopping OpenBSD Secure Shell server...
[[0;32m  OK  [0m] Stopped target Login Prompts.
         Stopping Getty on tty1...
         Stopping LSB: daemon to balance interrupts for SMP systems...
         Stopping LSB: automatic crash report generation...
         Stopping System Logging Service...
         Stopping Serial Getty on ttyS0...
Stopping LSB: Record successful boot for GRUB...
         Stopping Unattended Upgrades Shutdown...
         Stopping LSB: MD monitoring daemon...
[[0;32m  OK  [0m] Unmounted /var/lib/lxcfs.
[[0;32m  OK  [0m] Stopped Deferred execution scheduler.
[[0;32m  OK  [0m] Stopped Accounts Service.
[[0;32m  OK  [0m] Stopped Snappy daemon.
[[0;32m  OK  [0m] Stopped System Logging Service.
[[0;32m  OK  [0m] Stopped Regular background program processing daemon.
[[0;32m  OK  [0m] Stopped Authenticate and Authorize Users to Run Privileged Tasks.
[[0;32m  OK  [0m] Stopped Serial Getty on ttyS0.
[[0;32m  OK  [0m] Stopped ACPI event daemon.
[[0;32m  OK  [0m] Stopped Getty on tty1.
[[0;32m  OK  [0m] Stopped OpenBSD Secure Shell server.
[[0;32m  OK  [0m] Stopped NFS status monitor for NFSv2/3 locking..
[[0;32m  OK  [0m] Stopped Docker Application Container Engine.
[[0;32m  OK  [0m] Stopped User Manager for UID 1000.
[[0;32m  OK  [0m] Stopped D-Bus System Message Bus.
[[0;32m  OK  [0m] Stopped Session 4 of user vagrant.
[[0;32m  OK  [0m] Stopped LSB: Set up cgroupfs mounts..
[[0;32m  OK  [0m] Stopped Unattended Upgrades Shutdown.
[[0;32m  OK  [0m] Stopped FUSE filesystem for LXC.
[[0;32m  OK  [0m] Stopped LXD - container startup/shutdown.
[[0;32m  OK  [0m] Stopped LSB: Set the CPU Frequency Scaling governor to "ondemand".
[[0;32m  OK  [0m] Stopped LSB: Record successful boot for GRUB.
[[0;32m  OK  [0m] Stopped Virtualbox guest utils.
[[0;32m  OK  [0m] Stopped LSB: MD monitoring daemon.
[[0;32m  OK  [0m] Stopped LSB: daemon to balance interrupts for SMP systems.
[[0;32m  OK  [0m] Stopped LSB: automatic crash report generation.
[[0;32m  OK  [0m] Removed slice User Slice of vagrant.
         Stopping Login Service...
         Stopping containerd container runtime...
[[0;32m  OK  [0m] Stopped target Host and Network Name Lookups.
[[0;32m  OK  [0m] Removed slice system-getty.slice.
         Stopping Permit User Sessions...
[[0;32m  OK  [0m] Stopped /etc/rc.local Compatibility.
[[0;32m  OK  [0m] Removed slice system-serial\x2dgetty.slice.
[[0;32m  OK  [0m] Stopped containerd container runtime.
[[0;32m  OK  [0m] Stopped Permit User Sessions.
[[0;32m  OK  [0m] Stopped target Remote File Systems.
         Unmounting /vagrant...
[[0;32m  OK  [0m] Stopped Login Service.
[[0;32m  OK  [0m] Stopped target User and Group Name Lookups.
[[0;32m  OK  [0m] Stopped target Basic System.
[[0;32m  OK  [0m] Stopped target Sockets.
[[0;32m  OK  [0m] Closed D-Bus System Message Bus Socket.
[[0;32m  OK  [0m] Closed ACPID Listen Socket.
[[0;32m  OK  [0m] Closed UUID daemon activation socket.
[[0;32m  OK  [0m] Closed Docker Socket for the API.
[[0;32m  OK  [0m] Closed Syslog Socket.
[[0;32m  OK  [0m] Closed Socket activation for snappy daemon.
[[0;32m  OK  [0m] Closed LXD - unix socket.
[[0;32m  OK  [0m] Stopped target Slices.
[[0;32m  OK  [0m] Removed slice User and Session Slice.
[[0;32m  OK  [0m] Stopped target Paths.
[[0;32m  OK  [0m] Stopped ACPI Events Check.
[[0;32m  OK  [0m] Stopped Forward Password Requests to Wall Directory Watch.
[[0;32m  OK  [0m] Stopped Dispatch Password Requests to Console Directory Watch.
[[0;32m  OK  [0m] Unmounted /vagrant.
[[0;32m  OK  [0m] Stopped target Remote File Systems (Pre).
         Stopping RPC bind portmap service...
         Stopping Login to default iSCSI targets...
[[0;32m  OK  [0m] Stopped RPC bind portmap service.
[[0;32m  OK  [0m] Closed RPCbind Server Activation Socket.
[[0;32m  OK  [0m] Stopped target System Initialization.
[[0;32m  OK  [0m] Stopped target Swap.
[[0;32m  OK  [0m] Stopped target Encrypted Volumes.
         Stopping Update UTMP about System Boot/Shutdown...
         Stopping Load/Save Random Seed...
[[0;32m  OK  [0m] Stopped Commit a transient machine-id on disk.
[[0;32m  OK  [0m] Stopped Load/Save Random Seed.
[[0;32m  OK  [0m] Stopped Update UTMP about System Boot/Shutdown.
[[0;32m  OK  [0m] Stopped Create Volatile Files and Directories.
[[0;32m  OK  [0m] Stopped Login to default iSCSI targets.
         Stopping iSCSI initiator daemon (iscsid)...
[[0;32m  OK  [0m] Stopped iSCSI initiator daemon (iscsid).
[[0;32m  OK  [0m] Stopped target Network is Online.
[[0;32m  OK  [0m] Stopped Initial cloud-init job (metadata service crawler).
[[0;32m  OK  [0m] Stopped target Network.
         Stopping Raise network interfaces...
[[0;32m  OK  [0m] Stopped Raise network interfaces.
[[0;32m  OK  [0m] Stopped Apply Kernel Variables.
[[0;32m  OK  [0m] Stopped target Network (Pre).
[[0;32m  OK  [0m] Stopped Initial cloud-init job (pre-networking).
[[0;32m  OK  [0m] Stopped Load Kernel Modules.
[[0;32m  OK  [0m] Stopped target Local File Systems.
         Unmounting /run/user/1000...
[[0;32m  OK  [0m] Unmounted /run/user/1000.
[[0;32m  OK  [0m] Reached target Unmount All Filesystems.
[[0;32m  OK  [0m] Stopped target Local File Systems (Pre).
         Stopping Monitoring of LVM2 mirrors... dmeventd or progress polling...
[[0;32m  OK  [0m] Stopped Remount Root and Kernel File Systems.
[[0;32m  OK  [0m] Stopped Create Static Device Nodes in /dev.
[[0;32m  OK  [0m] Reached target Shutdown.
[  462.650027] reboot: Power down
